2024-08-07 13:28:33 [MainProcess:21576][INFO]: start
2024-08-07 13:28:34 [MainProcess:21576][INFO]: 1a86_USB_Serial's port is None
2024-08-07 13:28:34 [Process-2:21645][INFO]: update_controller_speed: True
2024-08-07 13:28:34 [Process-2:21645][INFO]: self.speed: 0
2024-08-07 13:28:34 [Process-2:21645][INFO]: 1a86_USB_Serial's port is None
2024-08-07 13:28:34 [Process-2:21645][INFO]: 1a86_USB_Serial's port is None
2024-08-07 13:28:35 [Process-2:21645][INFO]: 1a86_USB_Serial's port is None
2024-08-07 13:28:35 [Process-2:21645][INFO]: 1a86_USB_Serial's port is None
2024-08-07 13:28:35 [Process-2:21645][INFO]: 1a86_USB_Serial's port is None
2024-08-07 13:28:36 [Process-2:21645][INFO]: 1a86_USB_Serial's port is None
2024-08-07 13:28:36 [Process-2:21645][INFO]: 1a86_USB_Serial's port is None
2024-08-07 13:28:36 [Process-2:21645][INFO]: 1a86_USB_Serial's port is None
2024-08-07 13:28:36 [Process-2:21645][INFO]: 1a86_USB_Serial's port is None
2024-08-07 13:28:37 [Process-2:21645][INFO]: 1a86_USB_Serial's port is None
2024-08-07 13:28:37 [Process-2:21645][INFO]: 1a86_USB_Serial's port is None
2024-08-07 13:28:37 [Process-2:21645][INFO]: 1a86_USB_Serial's port is None
2024-08-07 13:28:38 [Process-2:21645][INFO]: 1a86_USB_Serial's port is None
2024-08-07 13:28:38 [Process-2:21645][INFO]: 1a86_USB_Serial's port is None
2024-08-07 13:28:38 [Process-2:21645][INFO]: 1a86_USB_Serial's port is None
2024-08-07 13:28:38 [Process-2:21645][INFO]: 1a86_USB_Serial's port is None
2024-08-07 13:28:39 [Process-2:21645][INFO]: 1a86_USB_Serial's port is None
2024-08-07 13:28:39 [Process-2:21645][INFO]: 1a86_USB_Serial's port is None
2024-08-07 13:28:39 [Process-2:21645][INFO]: 1a86_USB_Serial's port is None
2024-08-07 13:28:40 [Process-2:21645][INFO]: 1a86_USB_Serial's port is None
2024-08-07 13:28:40 [Process-2:21645][INFO]: 1a86_USB_Serial's port is None
2024-08-07 13:28:40 [Process-2:21645][INFO]: 1a86_USB_Serial's port is None
2024-08-07 13:28:40 [Process-2:21645][INFO]: 1a86_USB_Serial's port is None
2024-08-07 13:28:41 [Process-2:21645][INFO]: 1a86_USB_Serial's port is None
2024-08-07 13:28:41 [Process-2:21645][INFO]: 1a86_USB_Serial's port is None
